<?xml version="1.0" encoding="UTF-8"?>
<!-- Generated by org.testng.reporters.JUnitReportReporter -->
<testsuite hostname="DESKTOP-PVBHUTH" failures="0" tests="11" name="com.telus.testcases.EndToEndTestFlow" time="153.837" errors="0" timestamp="2022-12-07T18:39:03 IST" skipped="0">
  <testcase classname="com.telus.testcases.EndToEndTestFlow" name="launchApplicationUrl" time="15.792"/>
  <system-out>
    <![CDATA[Application is launched successfully]]>
  </system-out>
  <testcase classname="com.telus.testcases.EndToEndTestFlow" name="customerLogin" time="6.385"/>
  <system-out/>
  <testcase classname="com.telus.testcases.EndToEndTestFlow" name="signOutOption" time="17.480"/>
  <system-out/>
  <testcase classname="com.telus.testcases.EndToEndTestFlow" name="signInFunctionality" time="6.480"/>
  <system-out/>
  <testcase classname="com.telus.testcases.EndToEndTestFlow" name="productFunctionality" time="20.604"/>
  <system-out/>
  <testcase classname="com.telus.testcases.EndToEndTestFlow" name="productCart" time="17.526"/>
  <system-out/>
  <testcase classname="com.telus.testcases.EndToEndTestFlow" name="setShippingAddress" time="29.115"/>
  <system-out/>
  <testcase classname="com.telus.testcases.EndToEndTestFlow" name="setCartItem" time="14.168"/>
  <system-out/>
  <testcase classname="com.telus.testcases.EndToEndTestFlow" name="getSuccessValidation" time="6.822"/>
  <system-out/>
  <testcase classname="com.telus.testcases.EndToEndTestFlow" name="signOutOption1" time="17.593"/>
  <system-out/>
  <testcase classname="com.telus.testcases.EndToEndTestFlow" name="closeURL" time="1.872"/>
  <system-out/>
</testsuite> <!-- com.telus.testcases.EndToEndTestFlow -->
